<?xml version="1.0" encoding="UTF-8"?>
<testsuites>
  <testsuite name="fastlane.lanes">
    
    
    
      
      <testcase classname="fastlane.lanes" name="0: default_platform" time="0.000252892">
        
      </testcase>
    
      
      <testcase classname="fastlane.lanes" name="1: assembleRelease" time="0.828221824">
        
          <failure message="/var/lib/gems/3.0.0/gems/fastlane-2.212.1/fastlane/lib/fastlane/actions/actions_helper.rb:67:in `execute_action&apos;&#10;/var/lib/gems/3.0.0/gems/fastlane-2.212.1/fastlane/lib/fastlane/runner.rb:255:in `block in execute_action&apos;&#10;/var/lib/gems/3.0.0/gems/fastlane-2.212.1/fastlane/lib/fastlane/runner.rb:229:in `chdir&apos;&#10;/var/lib/gems/3.0.0/gems/fastlane-2.212.1/fastlane/lib/fastlane/runner.rb:229:in `execute_action&apos;&#10;/var/lib/gems/3.0.0/gems/fastlane-2.212.1/fastlane/lib/fastlane/runner.rb:157:in `trigger_action_by_name&apos;&#10;/var/lib/gems/3.0.0/gems/fastlane-2.212.1/fastlane/lib/fastlane/fast_file.rb:159:in `method_missing&apos;&#10;Fastfile:20:in `block in parsing_binding&apos;&#10;/var/lib/gems/3.0.0/gems/fastlane-2.212.1/fastlane/lib/fastlane/lane.rb:33:in `call&apos;&#10;/var/lib/gems/3.0.0/gems/fastlane-2.212.1/fastlane/lib/fastlane/runner.rb:49:in `block in execute&apos;&#10;/var/lib/gems/3.0.0/gems/fastlane-2.212.1/fastlane/lib/fastlane/runner.rb:45:in `chdir&apos;&#10;/var/lib/gems/3.0.0/gems/fastlane-2.212.1/fastlane/lib/fastlane/runner.rb:45:in `execute&apos;&#10;/var/lib/gems/3.0.0/gems/fastlane-2.212.1/fastlane/lib/fastlane/lane_manager.rb:47:in `cruise_lane&apos;&#10;/var/lib/gems/3.0.0/gems/fastlane-2.212.1/fastlane/lib/fastlane/command_line_handler.rb:36:in `handle&apos;&#10;/var/lib/gems/3.0.0/gems/fastlane-2.212.1/fastlane/lib/fastlane/commands_generator.rb:110:in `block (2 levels) in run&apos;&#10;/var/lib/gems/3.0.0/gems/commander-4.6.0/lib/commander/command.rb:187:in `call&apos;&#10;/var/lib/gems/3.0.0/gems/commander-4.6.0/lib/commander/command.rb:157:in `run&apos;&#10;/var/lib/gems/3.0.0/gems/commander-4.6.0/lib/commander/runner.rb:444:in `run_active_command&apos;&#10;/var/lib/gems/3.0.0/gems/fastlane-2.212.1/fastlane_core/lib/fastlane_core/ui/fastlane_runner.rb:124:in `run!&apos;&#10;/var/lib/gems/3.0.0/gems/commander-4.6.0/lib/commander/delegates.rb:18:in `run!&apos;&#10;/var/lib/gems/3.0.0/gems/fastlane-2.212.1/fastlane/lib/fastlane/commands_generator.rb:354:in `run&apos;&#10;/var/lib/gems/3.0.0/gems/fastlane-2.212.1/fastlane/lib/fastlane/commands_generator.rb:43:in `start&apos;&#10;/var/lib/gems/3.0.0/gems/fastlane-2.212.1/fastlane/lib/fastlane/cli_tools_distributor.rb:123:in `take_off&apos;&#10;/var/lib/gems/3.0.0/gems/fastlane-2.212.1/bin/fastlane:23:in `&lt;top (required)&gt;&apos;&#10;/usr/local/bin/fastlane:25:in `load&apos;&#10;/usr/local/bin/fastlane:25:in `&lt;main&gt;&apos;&#10;&#10;Exit status of command &apos;/mnt/d/LapTT_project/flutter/riverpodlearn/democicd/demojenkin/jenkincicd/android/gradlew assembleRelease -p .&apos; was 1 instead of 0.&#10;&#10;FAILURE: Build failed with an exception.&#10;&#10;* Where:&#10;Settings file &apos;/mnt/d/LapTT_project/flutter/riverpodlearn/democicd/demojenkin/jenkincicd/android/settings.gradle&apos; line: 11&#10;&#10;* What went wrong:&#10;A problem occurred evaluating settings &apos;android&apos;.&#10;&gt; java.net.URISyntaxException: Illegal character in opaque part at index 2: D:\flutter_windows_3.7.5-stable\flutter/packages/flutter_tools/gradle/app_plugin_loader.gradle&#10;&#10;* Try:&#10;&gt; Run with --stacktrace option to get the stack trace.&#10;&gt; Run with --info or --debug option to get more log output.&#10;&gt; Run with --scan to get full insights.&#10;&#10;* Get more help at https://help.gradle.org&#10;&#10;BUILD FAILED in 406ms&#10;" />
        
      </testcase>
    
  </testsuite>
</testsuites>
